<?xml version="1.0" encoding="UTF-8"?>
<!-- Generated by org.testng.reporters.JUnitXMLReporter -->
<testsuite ignored="0" hostname="DESKTOP-95QHTH0" failures="0" tests="3" name="Test" time="5.474" errors="0" timestamp="2023-08-07T21:26:08 IST">
  <testcase classname="com.qa.testscripts.AutomationPanda_001" name="checkTitle" time="0.024"/>
  <testcase classname="com.qa.testscripts.AutomationPanda_001" name="checkContactButton" time="0.945"/>
  <testcase classname="com.qa.testscripts.AutomationPanda_001" name="checkSubmit" time="4.201"/>
</testsuite> <!-- Test -->
