<?xml version="1.0" encoding="UTF-8"?>
<testng-results ignored="0" total="3" passed="3" failed="0" skipped="0">
  <reporter-output>
  </reporter-output>
  <suite started-at="2023-08-07T21:26:02 IST" name="Suite" finished-at="2023-08-07T21:26:08 IST" duration-ms="5474">
    <groups>
    </groups>
    <test started-at="2023-08-07T21:26:02 IST" name="Test" finished-at="2023-08-07T21:26:08 IST" duration-ms="5474">
      <class name="com.qa.testscripts.AutomationPanda_001">
        <test-method is-config="true" signature="setUp(java.lang.String,java.lang.String)[pri:0, instance:com.qa.testscripts.AutomationPanda_001@543588e6]" started-at="2023-08-07T21:25:56 IST" name="setUp" finished-at="2023-08-07T21:26:02 IST" duration-ms="5619" status="PASS">
          <params>
            <param index="0">
              <value>
                <![CDATA[https://automationpanda.com/2021/12/29/want-to-practice-test-automation-try-these-demo-sites/]]>
              </value>
            </param>
            <param index="1">
              <value>
                <![CDATA[Chrome]]>
              </value>
            </param>
          </params>
          <reporter-output>
          </reporter-output>
        </test-method> <!-- setUp -->
        <test-method signature="checkTitle()[pri:0, instance:com.qa.testscripts.AutomationPanda_001@543588e6]" started-at="2023-08-07T21:26:02 IST" name="checkTitle" finished-at="2023-08-07T21:26:02 IST" duration-ms="24" status="PASS">
          <reporter-output>
          </reporter-output>
        </test-method> <!-- checkTitle -->
        <test-method signature="checkContactButton()[pri:1, instance:com.qa.testscripts.AutomationPanda_001@543588e6]" started-at="2023-08-07T21:26:02 IST" name="checkContactButton" finished-at="2023-08-07T21:26:03 IST" duration-ms="945" status="PASS">
          <reporter-output>
          </reporter-output>
        </test-method> <!-- checkContactButton -->
        <test-method signature="checkSubmit()[pri:2, instance:com.qa.testscripts.AutomationPanda_001@543588e6]" started-at="2023-08-07T21:26:03 IST" name="checkSubmit" finished-at="2023-08-07T21:26:08 IST" depends-on-methods="com.qa.testscripts.AutomationPanda_001.checkContactButton" duration-ms="4201" status="PASS">
          <reporter-output>
          </reporter-output>
        </test-method> <!-- checkSubmit -->
        <test-method is-config="true" signature="tearDown()[pri:0, instance:com.qa.testscripts.AutomationPanda_001@543588e6]" started-at="2023-08-07T21:26:08 IST" name="tearDown" finished-at="2023-08-07T21:26:08 IST" duration-ms="339" status="PASS">
          <reporter-output>
          </reporter-output>
        </test-method> <!-- tearDown -->
      </class> <!-- com.qa.testscripts.AutomationPanda_001 -->
    </test> <!-- Test -->
  </suite> <!-- Suite -->
</testng-results>
